0001   0000             
0002   0000             GPIO1   .EQU 8000H
0003   0000             PORT0   .EQU 8001H
0004   0000             PORT1   .EQU 8002H
0005   0000             PORT2   .EQU 8003H
0006   0000             
0007   0000             	
0008   00FE                     .ORG $FE
0009   00FE             
0010   00FE 06 02                .WORD SERVICE_IRQ
0011   0100             
0012   0200             	.ORG 200H
0013   0200             
0014   0200 A9 00       MAIN     LDA #0
0015   0202 8D 00 80             STA GPIO1
0016   0205             
0017   0205 00          	 BRK
0018   0206             
0019   0206             
0020   0206             SERVICE_IRQ
0021   0206             
0022   0206 A9 AA                LDA #$AA
0023   0208 8D 00 80    	 STA GPIO1
0024   020B 40          	 RTI
0025   020C                      
0026   020C             	 .end
0027   020C             
tasm: Number of errors = 0
