0001   0000             
0002   0000             GPIO1   .EQU 8000H
0003   0000             PORT0   .EQU 8001H
0004   0000             PORT1   .EQU 8002H
0005   0000             PORT2   .EQU 8003H
0006   0000             
0007   0000             	
0008   0200             	.ORG 200H
0009   0200             
0010   0200 A9 01       MAIN     LDA #1
0011   0202 85 00                STA 0
0012   0204 18          	 CLC
0013   0205             	 
0014   0205 2A          MAIN2    ROL A
0015   0206 A5 00                LDA 0
0016   0208 8D 00 80    	 STA GPIO1
0017   020B                      	 
0018   020B A2 1E       	 LDX #30
0019   020D A0 00       LOOP1	 LDY #0
0020   020F 88          LOOP2	 DEY
0021   0210 D0 FD       	 BNE LOOP2
0022   0212 CA          	 DEX
0023   0213 D0 F8       	 BNE LOOP1
0024   0215             
0025   0215 4C 05 02    	 JMP MAIN2
0026   0218                      
0027   0218             	 .END
0028   0218             
0029   0218             
0030   0218             	 .END
tasm: Number of errors = 0
