0001   0000             
0002   0000             GPIO1   .EQU 8000H
0003   0000             PORT0   .EQU 8001H
0004   0000             PORT1   .EQU 8002H
0005   0000             PORT2   .EQU 8003H
0006   0000             
0007   0000             
0008   0030             	.ORG $30
0009   0030             
0010   0030             SEC245  .BLOCK 1
0011   0031             SEC     .BLOCK 1
0012   0032             
0013   0032             
0014   00FA                     .ORG $FA
0015   00FA 03 02               .WORD SERVICE_NMI
0016   00FC             
0017   0200             	.ORG 200H
0018   0200             
0019   0200 4C 00 02    MAIN     JMP MAIN
0020   0203             
0021   0203             
0022   0203             SERVICE_NMI
0023   0203             
0024   0203 48                   PHA
0025   0204 E6 30                INC SEC245
0026   0206 A5 30       	 LDA SEC245
0027   0208 C9 F5       	 CMP #245
0028   020A D0 0B       	 BNE SKIP1
0029   020C A9 00       	 LDA #0
0030   020E 85 30       	 STA SEC245
0031   0210 E6 31       	 INC SEC
0032   0212 A5 31       	 LDA SEC
0033   0214 8D 00 80    	 STA GPIO1
0034   0217             
0035   0217 68          SKIP1    PLA   
0036   0218 40                   RTI
0037   0219                      
0038   0219             	 .END
0039   0219             
tasm: Number of errors = 0
