0001   0000             
0002   0000             GPIO1   .EQU 8000H
0003   0000             PORT0   .EQU 8001H
0004   0000             PORT1   .EQU 8002H
0005   0000             PORT2   .EQU 8003H
0006   0000             
0007   0000             	
0008   0200             	.ORG 200H
0009   0200             
0010   0200 A9 01       MAIN2	 LDA #1
0011   0202 85 00                STA 0
0012   0204             LOOP         
0013   0204 26 00       	 ROL 0
0014   0206 A5 00                LDA 0
0015   0208 8D 00 80    	 STA GPIO1
0016   020B 4C 04 02        	 JMP LOOP
0017   020E                      
0018   020E             	 .END
0019   020E             
0020   020E             
tasm: Number of errors = 0
